0 info it worked if it ends with ok
1 verbose cli [ '/usr/local/bin/node',
1 verbose cli   '/usr/local/bin/npm',
1 verbose cli   'install',
1 verbose cli   '-g',
1 verbose cli   'polymer-cli' ]
2 info using npm@2.15.1
3 info using node@v4.4.3
4 verbose install initial load of /usr/local/lib/package.json
5 verbose readDependencies loading dependencies from /usr/local/lib/package.json
6 silly cache add args [ 'polymer-cli', null ]
7 verbose cache add spec polymer-cli
8 silly cache add parsed spec Result {
8 silly cache add   raw: 'polymer-cli',
8 silly cache add   scope: null,
8 silly cache add   name: 'polymer-cli',
8 silly cache add   rawSpec: '',
8 silly cache add   spec: 'latest',
8 silly cache add   type: 'tag' }
9 silly addNamed polymer-cli@latest
10 verbose addNamed "latest" is being treated as a dist-tag for polymer-cli
11 info addNameTag [ 'polymer-cli', 'latest' ]
12 silly mapToRegistry name polymer-cli
13 silly mapToRegistry using default registry
14 silly mapToRegistry registry https://registry.npmjs.org/
15 silly mapToRegistry data Result {
15 silly mapToRegistry   raw: 'polymer-cli',
15 silly mapToRegistry   scope: null,
15 silly mapToRegistry   name: 'polymer-cli',
15 silly mapToRegistry   rawSpec: '',
15 silly mapToRegistry   spec: 'latest',
15 silly mapToRegistry   type: 'tag' }
16 silly mapToRegistry uri https://registry.npmjs.org/polymer-cli
17 verbose addNameTag registry:https://registry.npmjs.org/polymer-cli not in flight; fetching
18 verbose request uri https://registry.npmjs.org/polymer-cli
19 verbose request no auth needed
20 info attempt registry request try #1 at 00:33:45
21 verbose request id e74889a8dd2a3aa2
22 verbose etag W/"58d03933-17ca8"
23 verbose lastModified Mon, 20 Mar 2017 20:18:59 GMT
24 http request GET https://registry.npmjs.org/polymer-cli
25 http 200 https://registry.npmjs.org/polymer-cli
26 verbose headers { server: 'nginx/1.10.1',
26 verbose headers   'content-type': 'application/json',
26 verbose headers   'last-modified': 'Thu, 23 Mar 2017 17:24:38 GMT',
26 verbose headers   etag: 'W/"58d404d6-189c4"',
26 verbose headers   'content-encoding': 'gzip',
26 verbose headers   'cache-control': 'max-age=300',
26 verbose headers   'content-length': '9542',
26 verbose headers   'accept-ranges': 'bytes',
26 verbose headers   date: 'Mon, 10 Apr 2017 15:33:45 GMT',
26 verbose headers   via: '1.1 varnish',
26 verbose headers   age: '0',
26 verbose headers   connection: 'keep-alive',
26 verbose headers   'x-served-by': 'cache-sjc3626-SJC',
26 verbose headers   'x-cache': 'MISS',
26 verbose headers   'x-cache-hits': '0',
26 verbose headers   'x-timer': 'S1491838426.786161,VS0,VE122',
26 verbose headers   vary: 'Accept-Encoding' }
27 silly get cb [ 200,
27 silly get   { server: 'nginx/1.10.1',
27 silly get     'content-type': 'application/json',
27 silly get     'last-modified': 'Thu, 23 Mar 2017 17:24:38 GMT',
27 silly get     etag: 'W/"58d404d6-189c4"',
27 silly get     'content-encoding': 'gzip',
27 silly get     'cache-control': 'max-age=300',
27 silly get     'content-length': '9542',
27 silly get     'accept-ranges': 'bytes',
27 silly get     date: 'Mon, 10 Apr 2017 15:33:45 GMT',
27 silly get     via: '1.1 varnish',
27 silly get     age: '0',
27 silly get     connection: 'keep-alive',
27 silly get     'x-served-by': 'cache-sjc3626-SJC',
27 silly get     'x-cache': 'MISS',
27 silly get     'x-cache-hits': '0',
27 silly get     'x-timer': 'S1491838426.786161,VS0,VE122',
27 silly get     vary: 'Accept-Encoding' } ]
28 verbose get saving polymer-cli to /Users/choigwanggyu/.npm/registry.npmjs.org/polymer-cli/.cache.json
29 verbose correctMkdir /Users/choigwanggyu/.npm correctMkdir not in flight; initializing
30 silly addNameTag next cb for polymer-cli with tag latest
31 silly addNamed polymer-cli@0.17.0
32 verbose addNamed "0.17.0" is a plain semver version for polymer-cli
33 silly mapToRegistry name polymer-cli
34 silly mapToRegistry using default registry
35 silly mapToRegistry registry https://registry.npmjs.org/
36 silly mapToRegistry data Result {
36 silly mapToRegistry   raw: 'polymer-cli',
36 silly mapToRegistry   scope: null,
36 silly mapToRegistry   name: 'polymer-cli',
36 silly mapToRegistry   rawSpec: '',
36 silly mapToRegistry   spec: 'latest',
36 silly mapToRegistry   type: 'tag' }
37 silly mapToRegistry uri https://registry.npmjs.org/polymer-cli
38 verbose addRemoteTarball https://registry.npmjs.org/polymer-cli/-/polymer-cli-0.17.0.tgz not in flight; adding
39 verbose addRemoteTarball [ 'https://registry.npmjs.org/polymer-cli/-/polymer-cli-0.17.0.tgz',
39 verbose addRemoteTarball   '35e6e01fc36564fdb614ca95681bdcb0c3d82a19' ]
40 info retry fetch attempt 1 at 00:33:46
41 info attempt registry request try #1 at 00:33:46
42 http fetch GET https://registry.npmjs.org/polymer-cli/-/polymer-cli-0.17.0.tgz
43 http fetch 200 https://registry.npmjs.org/polymer-cli/-/polymer-cli-0.17.0.tgz
44 silly fetchAndShaCheck shasum 35e6e01fc36564fdb614ca95681bdcb0c3d82a19
45 verbose addTmpTarball /var/folders/xh/d2wzpt892xs9_j0n5hv4crj80000gn/T/npm-38201-fc2fba04/registry.npmjs.org/polymer-cli/-/polymer-cli-0.17.0.tgz not in flight; adding
46 verbose addTmpTarball already have metadata; skipping unpack for polymer-cli@0.17.0
47 verbose correctMkdir /Users/choigwanggyu/.npm correctMkdir not in flight; initializing
48 silly cache afterAdd polymer-cli@0.17.0
49 verbose afterAdd /Users/choigwanggyu/.npm/polymer-cli/0.17.0/package/package.json not in flight; writing
50 verbose correctMkdir /Users/choigwanggyu/.npm correctMkdir not in flight; initializing
51 verbose afterAdd /Users/choigwanggyu/.npm/polymer-cli/0.17.0/package/package.json written
52 silly install resolved [ { name: 'polymer-cli',
52 silly install resolved     version: '0.17.0',
52 silly install resolved     description: 'A commandline tool for Polymer projects',
52 silly install resolved     main: 'lib/polymer-cli.js',
52 silly install resolved     engines: { node: '>=4.0' },
52 silly install resolved     bin: { polymer: 'bin/polymer.js' },
52 silly install resolved     scripts:
52 silly install resolved      { lint: 'gulp lint',
52 silly install resolved        build: 'gulp build',
52 silly install resolved        test: 'gulp lint test',
52 silly install resolved        prepublish: 'npm run build && npm test' },
52 silly install resolved     repository:
52 silly install resolved      { type: 'git',
52 silly install resolved        url: 'git+https://github.com/Polymer/polymer-cli.git' },
52 silly install resolved     author: { name: 'The Polymer Project Authors' },
52 silly install resolved     license: 'BSD-3-Clause',
52 silly install resolved     dependencies:
52 silly install resolved      { '@types/chalk': '^0.4.31',
52 silly install resolved        '@types/del': '^2.2.31',
52 silly install resolved        '@types/findup-sync': '^0.3.29',
52 silly install resolved        '@types/fs-extra': '0.0.34',
52 silly install resolved        '@types/gulp-if': '0.0.30',
52 silly install resolved        '@types/html-minifier': '^1.1.30',
52 silly install resolved        '@types/inquirer': '0.0.30',
52 silly install resolved        '@types/merge-stream': '^1.0.28',
52 silly install resolved        '@types/node': '^6.0.41',
52 silly install resolved        '@types/parse5': '^2.2.33',
52 silly install resolved        '@types/request': '0.0.32',
52 silly install resolved        '@types/temp': '^0.8.28',
52 silly install resolved        '@types/uglify-js': '^2.6.28',
52 silly install resolved        '@types/vinyl': '^1.1.29',
52 silly install resolved        '@types/vinyl-fs': '0.0.28',
52 silly install resolved        '@types/yeoman-generator': '0.0.30',
52 silly install resolved        chalk: '^1.1.3',
52 silly install resolved        'command-line-args': '^3.0.0',
52 silly install resolved        'command-line-commands': '^1.0.3',
52 silly install resolved        'command-line-usage': '^3.0.1',
52 silly install resolved        'css-slam': '^1.1.0',
52 silly install resolved        del: '^2.2.2',
52 silly install resolved        dom5: '^2.0.1',
52 silly install resolved        'findup-sync': '^0.4.2',
52 silly install resolved        'fs-extra': '^1.0.0',
52 silly install resolved        github: '^6.0.1',
52 silly install resolved        'gulp-if': '^2.0.0',
52 silly install resolved        'gunzip-maybe': '^1.3.1',
52 silly install resolved        'html-minifier': '^3.0.1',
52 silly install resolved        inquirer: '^1.0.2',
52 silly install resolved        'merge-stream': '^1.0.0',
52 silly install resolved        parse5: '^2.2.3',
52 silly install resolved        plylog: '^0.4.0',
52 silly install resolved        polylint: '^2.10.0',
52 silly install resolved        'polymer-build': '^0.4.1',
52 silly install resolved        polyserve: '^0.13.0',
52 silly install resolved        request: '^2.72.0',
52 silly install resolved        resolve: '^1.1.7',
52 silly install resolved        'tar-fs': '^1.12.0',
52 silly install resolved        temp: '^0.8.3',
52 silly install resolved        'uglify-js': '^2.7.0',
52 silly install resolved        'update-notifier': '^1.0.0',
52 silly install resolved        vinyl: '^1.1.1',
52 silly install resolved        'vinyl-fs': '^2.4.3',
52 silly install resolved        'web-component-tester': '^5.0.0',
52 silly install resolved        'yeoman-environment': '^1.5.2',
52 silly install resolved        'yeoman-generator': '^0.23.3' },
52 silly install resolved     devDependencies:
52 silly install resolved      { bower: '^1.7.9',
52 silly install resolved        chai: '^3.5.0',
52 silly install resolved        depcheck: '^0.6.3',
52 silly install resolved        gulp: '^3.9.1',
52 silly install resolved        'gulp-eslint': '^2.0.0',
52 silly install resolved        'gulp-mocha': '^3.0.1',
52 silly install resolved        'gulp-tslint': '^5.0.0',
52 silly install resolved        'gulp-typescript': '^3.0.0',
52 silly install resolved        'run-sequence': '^1.2.0',
52 silly install resolved        sinon: '^1.17.4',
52 silly install resolved        tslint: '^3.10.2',
52 silly install resolved        typescript: '^2.0.3',
52 silly install resolved        'vinyl-fs-fake': '^1.1.0',
52 silly install resolved        'yeoman-assert': '^2.2.1',
52 silly install resolved        'yeoman-test': '^1.1.0' },
52 silly install resolved     gitHead: '5966eab1bf3d1957a26df9dc82e203fe8be4a675',
52 silly install resolved     bugs: { url: 'https://github.com/Polymer/polymer-cli/issues' },
52 silly install resolved     homepage: 'https://github.com/Polymer/polymer-cli#readme',
52 silly install resolved     _id: 'polymer-cli@0.17.0',
52 silly install resolved     _shasum: '35e6e01fc36564fdb614ca95681bdcb0c3d82a19',
52 silly install resolved     _from: 'polymer-cli@latest',
52 silly install resolved     _npmVersion: '3.10.3',
52 silly install resolved     _nodeVersion: '6.4.0',
52 silly install resolved     _npmUser: { name: 'polymer', email: 'admin@polymer-project.org' },
52 silly install resolved     dist:
52 silly install resolved      { shasum: '35e6e01fc36564fdb614ca95681bdcb0c3d82a19',
52 silly install resolved        tarball: 'https://registry.npmjs.org/polymer-cli/-/polymer-cli-0.17.0.tgz' },
52 silly install resolved     maintainers: [ [Object], [Object] ],
52 silly install resolved     _npmOperationalInternal:
52 silly install resolved      { host: 'packages-18-east.internal.npmjs.com',
52 silly install resolved        tmp: 'tmp/polymer-cli-0.17.0.tgz_1478057724525_0.6959961499087512' },
52 silly install resolved     directories: {},
52 silly install resolved     _resolved: 'https://registry.npmjs.org/polymer-cli/-/polymer-cli-0.17.0.tgz' } ]
53 info install polymer-cli@0.17.0 into /usr/local/lib
54 info installOne polymer-cli@0.17.0
55 verbose installOne of polymer-cli to /usr/local/lib not in flight; installing
56 verbose correctMkdir /Users/choigwanggyu/.npm/_locks correctMkdir not in flight; initializing
57 verbose lock using /Users/choigwanggyu/.npm/_locks/polymer-cli-e8248b3129cc6a2b.lock for /usr/local/lib/node_modules/polymer-cli
58 silly install write writing polymer-cli 0.17.0 to /usr/local/lib/node_modules/polymer-cli
59 verbose unbuild lib/node_modules/polymer-cli
60 info preuninstall polymer-cli@0.17.0
61 info uninstall polymer-cli@0.17.0
62 verbose unbuild rmStuff polymer-cli@0.17.0 from /usr/local/lib/node_modules
63 silly gentlyRm /usr/local/bin/polymer is being gently removed
64 silly gentlyRm verifying /usr/local is an npm working directory
65 silly gentlyRm containing path /usr/local is under npm's control, in /usr/local
66 silly gentlyRm deletion target /usr/local/bin/polymer is under /usr/local
67 verbose gentlyRm vacuuming from /usr/local/bin/polymer up to /usr/local
68 silly vacuum-fs removing /usr/local/bin/polymer
69 verbose unlock done using /Users/choigwanggyu/.npm/_locks/polymer-cli-e8248b3129cc6a2b.lock for /usr/local/lib/node_modules/polymer-cli
70 verbose stack Error: EACCES: permission denied, unlink '/usr/local/bin/polymer'
70 verbose stack     at Error (native)
71 verbose cwd /Users/choigwanggyu/Desktop/2017CSE2019/Project#1
72 error Darwin 16.5.0
73 error argv "/usr/local/bin/node" "/usr/local/bin/npm" "install" "-g" "polymer-cli"
74 error node v4.4.3
75 error npm  v2.15.1
76 error path /usr/local/bin/polymer
77 error code EACCES
78 error errno -13
79 error syscall unlink
80 error Error: EACCES: permission denied, unlink '/usr/local/bin/polymer'
80 error     at Error (native)
80 error  { [Error: EACCES: permission denied, unlink '/usr/local/bin/polymer']
80 error   errno: -13,
80 error   code: 'EACCES',
80 error   syscall: 'unlink',
80 error   path: '/usr/local/bin/polymer' }
81 error Please try running this command again as root/Administrator.
82 verbose exit [ -13, true ]
83 verbose unbuild lib/node_modules/polymer-cli
84 info preuninstall polymer-cli@0.17.0
85 info uninstall polymer-cli@0.17.0
86 verbose unbuild rmStuff polymer-cli@0.17.0 from /usr/local/lib/node_modules
87 silly gentlyRm /usr/local/bin/polymer is being gently removed
88 silly gentlyRm verifying /usr/local is an npm working directory
89 silly gentlyRm containing path /usr/local is under npm's control, in /usr/local
90 silly gentlyRm deletion target /usr/local/bin/polymer is under /usr/local
91 verbose gentlyRm vacuuming from /usr/local/bin/polymer up to /usr/local
92 silly vacuum-fs removing /usr/local/bin/polymer
93 error error rolling back Error: EACCES: permission denied, unlink '/usr/local/bin/polymer'
93 error error rolling back     at Error (native)
93 error error rolling back  { [Error: EACCES: permission denied, unlink '/usr/local/bin/polymer']
93 error error rolling back   errno: -13,
93 error error rolling back   code: 'EACCES',
93 error error rolling back   syscall: 'unlink',
93 error error rolling back   path: '/usr/local/bin/polymer' }
